<?xml version="1.0" encoding="UTF-8" ?>
<testsuite tests="5" failures="0" name="testRunner.ApiTestRunner" time="4.781" errors="0" skipped="0">
  <properties>
[...]
</properties>
  <testcase classname="To do api testing on the biker Api" name="Validate response code" time="2.361"/>
  <testcase classname="To do api testing on the biker Api" name="Validate city and corresponding lat long" time="0.025"/>
  <testcase classname="To do api testing on the biker Api" name="Validate free bikes at stations #1" time="0.492"/>
  <testcase classname="To do api testing on the biker Api" name="Validate free bikes at stations #2" time="1.668"/>
  <testcase classname="To do api testing on the biker Api" name="Validate free bikes at stations #3" time="0.235"/>
</testsuite>